<?xml version="1.0" encoding="UTF-8"?>
<!-- Generated by org.testng.reporters.JUnitXMLReporter -->
<testsuite ignored="1" hostname="DESKTOP-RS2QM8U" failures="0" tests="1" name="Default test" time="2.603" errors="0" timestamp="2025-05-07T14:10:08 IST">
  <testcase classname="TestPackage.HomePageTestCases" name="verifyUserIsAbleToSearchItemWithValidData" time="0.662"/>
  <testcase classname="TestPackage.HomePageTestCases" name="verifyUserIsAbleToSearchAllProductsWithIphoneBrandWithDescription" time="0.0">
    <ignored/>
  </testcase> <!-- verifyUserIsAbleToSearchAllProductsWithIphoneBrandWithDescription -->
</testsuite> <!-- Default test -->
