<?xml version="1.0" encoding="UTF-8"?>
<!-- Generated by org.testng.reporters.JUnitXMLReporter -->
<testsuite ignored="0" hostname="DESKTOP-RS2QM8U" failures="0" tests="2" name="Test" time="3.322" errors="0" timestamp="2025-05-07T15:55:10 IST">
  <testcase classname="TestPackage.HomePageTestCases" name="verifyUserIsAbleToSearchAllProductsWithIphoneBrandWithDescription" time="1.148"/>
  <testcase classname="TestPackage.HomePageTestCases" name="verifyUserIsAbleToSearchItemWithValidData" time="0.546"/>
</testsuite> <!-- Test -->
