<?xml version="1.0" encoding="UTF-8"?>
<!-- Generated by org.testng.reporters.JUnitXMLReporter -->
<testsuite ignored="0" hostname="DESKTOP-RS2QM8U" failures="0" tests="2" name="Test" time="3.227" errors="0" timestamp="2025-05-12T17:24:12 IST">
  <testcase classname="TestPackage.HomePageTestCases" name="verifyUserIsAbleToSearchAllProductsWithIphoneBrandWithDescription" time="1.135"/>
  <testcase classname="TestPackage.HomePageTestCases" name="verifyUserIsAbleToSearchItemWithValidData" time="0.511"/>
</testsuite> <!-- Test -->
